/home/jimleung/anaconda3/envs/refine/lib/python3.7/site-packages/torch/nn/_reduction.py:44: UserWarning: size_average and reduce args will be deprecated, please use reduction='mean' instead.
  warnings.warn(warning.format(ret))
usage: dirl_train.py [-h] [--dataset_root DATASET_ROOT] [--name NAME]
                     [--gpu_ids GPU_IDS] [--checkpoints_dir CHECKPOINTS_DIR]
                     [--preprocess PREPROCESS] [--no_flip]
                     [--num_threads NUM_THREADS] [--batch_size BATCH_SIZE]
                     [--load_size LOAD_SIZE] [--crop_size CROP_SIZE]
                     [--serial_batches] [--epoch EPOCH] [--mean MEAN]
                     [--std STD] [--display_freq DISPLAY_FREQ]
                     [--print_freq PRINT_FREQ] [--input_nc INPUT_NC]
                     [--output_nc OUTPUT_NC]
                     [--save_latest_freq SAVE_LATEST_FREQ]
                     [--save_epoch_freq SAVE_EPOCH_FREQ] [--save_by_iter]
                     [--continue_train] [--epoch_count EPOCH_COUNT]
                     [--phase PHASE] [--resume RESUME] [--nepochs NEPOCHS]
                     [--pretrain_nepochs PRETRAIN_NEPOCHS]
                     [--weight_decay WEIGHT_DECAY] [--beta1 BETA1] [--lr LR]
                     [--lr_policy LR_POLICY] [--lr_decay_iters LR_DECAY_ITERS]
                     [--sync_bn] [--lambda_attention LAMBDA_ATTENTION]
                     [--lambda_detection LAMBDA_DETECTION]
                     [--is_train IS_TRAIN] [--port PORT]
                     [--local_rank LOCAL_RANK] [--backbone BACKBONE]
                     [--ggd_ch GGD_CH] [--mda_mode MDA_MODE]
                     [--loss_mode LOSS_MODE]
dirl_train.py: error: unrecognized arguments:  
